<?xml version="1.0" encoding="UTF-8"?>
<testng-results ignored="0" total="1" passed="1" failed="0" skipped="0">
  <reporter-output>
  </reporter-output>
  <suite started-at="2025-05-23T19:57:10 IST" name="Suite" finished-at="2025-05-23T19:57:52 IST" duration-ms="42086">
    <groups>
    </groups>
    <test started-at="2025-05-23T19:57:10 IST" name="Test" finished-at="2025-05-23T19:57:52 IST" duration-ms="42086">
      <class name="Tests.BlazeTest">
        <test-method is-config="true" signature="setUpReport()[pri:0, instance:Tests.BlazeTest@41e350f1]" started-at="2025-05-23T19:57:10 IST" name="setUpReport" finished-at="2025-05-23T19:57:10 IST" duration-ms="201" status="PASS">
          <reporter-output>
          </reporter-output>
        </test-method> <!-- setUpReport -->
        <test-method is-config="true" signature="launchApp(java.lang.reflect.Method)[pri:0, instance:Tests.BlazeTest@41e350f1]" started-at="2025-05-23T19:57:10 IST" name="launchApp" finished-at="2025-05-23T19:57:21 IST" duration-ms="10272" status="PASS">
          <params>
            <param index="0">
              <value>
                <![CDATA[public void Tests.BlazeTest.invalidThenValidLogin() throws java.lang.Exception]]>
              </value>
            </param>
          </params>
          <reporter-output>
          </reporter-output>
        </test-method> <!-- launchApp -->
        <test-method signature="invalidThenValidLogin()[pri:0, instance:Tests.BlazeTest@41e350f1]" started-at="2025-05-23T19:57:21 IST" name="invalidThenValidLogin" finished-at="2025-05-23T19:57:48 IST" duration-ms="27676" status="PASS">
          <reporter-output>
          </reporter-output>
        </test-method> <!-- invalidThenValidLogin -->
        <test-method is-config="true" signature="setup()[pri:0, instance:Tests.BlazeTest@41e350f1]" started-at="2025-05-23T19:57:21 IST" name="setup" finished-at="2025-05-23T19:57:21 IST" duration-ms="0" status="PASS">
          <reporter-output>
          </reporter-output>
        </test-method> <!-- setup -->
        <test-method is-config="true" signature="tearDown(org.testng.ITestResult)[pri:0, instance:Tests.BlazeTest@41e350f1]" started-at="2025-05-23T19:57:48 IST" name="tearDown" finished-at="2025-05-23T19:57:52 IST" duration-ms="4100" status="PASS">
          <params>
            <param index="0">
              <value>
                <![CDATA[[TestResult name=invalidThenValidLogin status=SUCCESS method=BlazeTest.invalidThenValidLogin()[pri:0, instance:Tests.BlazeTest@41e350f1] output={null}]]]>
              </value>
            </param>
          </params>
          <reporter-output>
          </reporter-output>
        </test-method> <!-- tearDown -->
        <test-method is-config="true" signature="tearDownReport()[pri:0, instance:Tests.BlazeTest@41e350f1]" started-at="2025-05-23T19:57:52 IST" name="tearDownReport" finished-at="2025-05-23T19:57:53 IST" duration-ms="628" status="PASS">
          <reporter-output>
          </reporter-output>
        </test-method> <!-- tearDownReport -->
      </class> <!-- Tests.BlazeTest -->
    </test> <!-- Test -->
  </suite> <!-- Suite -->
</testng-results>
